<?xml version="1.0" encoding="utf-8" standalone="no"?>
<!--This file represents the results of running a test suite-->
<test-results name="C:\Documents and Settings\shibukerala\My Documents\Visual Studio 2010\Projects\WorkflowBll\WorkflowTest.nunit" total="2" errors="0" failures="0" not-run="0" inconclusive="0" ignored="0" skipped="0" invalid="0" date="2013-01-20" time="22:38:41">
  <environment nunit-version="2.6.2.12296" clr-version="2.0.50727.3643" os-version="Microsoft Windows NT 5.1.2600 Service Pack 3" platform="Win32NT" cwd="C:\Documents and Settings\shibukerala\My Documents\Visual Studio 2010\Projects\WorkflowBll" machine-name="MINE" user="shibukerala" user-domain="MINE" />
  <culture-info current-culture="en-US" current-uiculture="en-US" />
  <test-suite type="Project" name="C:\Documents and Settings\shibukerala\My Documents\Visual Studio 2010\Projects\WorkflowBll\WorkflowTest.nunit" executed="True" result="Success" success="True" time="0.172" asserts="0">
    <results>
      <test-suite type="Assembly" name="C:\Documents and Settings\shibukerala\My Documents\Visual Studio 2010\Projects\WorkflowBll\WorkflowBll\bin\Debug\WorkflowBll.dll" executed="True" result="Success" success="True" time="0.141" asserts="0">
        <results>
          <test-suite type="Namespace" name="WorkflowBll" executed="True" result="Success" success="True" time="0.125" asserts="0">
            <results>
              <test-suite type="Namespace" name="Tests" executed="True" result="Success" success="True" time="0.109" asserts="0">
                <results>
                  <test-suite type="TestFixture" name="FeatureTest" executed="True" result="Success" success="True" time="0.094" asserts="0">
                    <results>
                      <test-case name="WorkflowBll.Tests.FeatureTest.TestListEpisodes" executed="True" result="Success" success="True" time="0.047" asserts="1" />
                      <test-case name="WorkflowBll.Tests.FeatureTest.TestListMovies" executed="True" result="Success" success="True" time="0.016" asserts="1" />
                    </results>
                  </test-suite>
                </results>
              </test-suite>
            </results>
          </test-suite>
        </results>
      </test-suite>
    </results>
  </test-suite>
</test-results>